Unity Editor version:    2021.3.13f1 (9e7d58001ecf)
Branch:                  2021.3/staging
Build type:              Release
Batch mode:              YES
macOS version:           Version 12.1 (Build 21C52)
Darwin version:          21.2.0
Architecture:            x86_64
Running under Rosetta:   NO
Available memory:        8192 MB
Using pre-set license
Pro License: YES

COMMAND LINE ARGUMENTS:
/Applications/Unity/Hub/Editor/2021.3.13f1/Unity.app/Contents/MacOS/Unity
-adb2
-batchMode
-noUpm
-name
AssetImportWorker1
-projectPath
/Users/mayasidhu/Documents/GitHub/3DChess/3DChess
-logFile
Logs/AssetImportWorker1.log
-srvPort
54495
Successfully changed project path to: /Users/mayasidhu/Documents/GitHub/3DChess/3DChess
/Users/mayasidhu/Documents/GitHub/3DChess/3DChess
[UnityMemory] Configuration Parameters - Can be set up in boot.config
    "memorysetup-bucket-allocator-granularity=16"
    "memorysetup-bucket-allocator-bucket-count=8"
    "memorysetup-bucket-allocator-block-size=33554432"
    "memorysetup-bucket-allocator-block-count=8"
    "memorysetup-main-allocator-block-size=16777216"
    "memorysetup-thread-allocator-block-size=16777216"
    "memorysetup-gfx-main-allocator-block-size=16777216"
    "memorysetup-gfx-thread-allocator-block-size=16777216"
    "memorysetup-cache-allocator-block-size=4194304"
    "memorysetup-typetree-allocator-block-size=2097152"
    "memorysetup-profiler-bucket-allocator-granularity=16"
    "memorysetup-profiler-bucket-allocator-bucket-count=8"
    "memorysetup-profiler-bucket-allocator-block-size=33554432"
    "memorysetup-profiler-bucket-allocator-block-count=8"
    "memorysetup-profiler-allocator-block-size=16777216"
    "memorysetup-profiler-editor-allocator-block-size=1048576"
    "memorysetup-temp-allocator-size-main=16777216"
    "memorysetup-job-temp-allocator-block-size=2097152"
    "memorysetup-job-temp-allocator-block-size-background=1048576"
    "memorysetup-job-temp-allocator-reduction-small-platforms=262144"
    "memorysetup-temp-allocator-size-background-worker=32768"
    "memorysetup-temp-allocator-size-job-worker=262144"
    "memorysetup-temp-allocator-size-preload-manager=33554432"
    "memorysetup-temp-allocator-size-nav-mesh-worker=65536"
    "memorysetup-temp-allocator-size-audio-worker=65536"
    "memorysetup-temp-allocator-size-cloud-worker=32768"
    "memorysetup-temp-allocator-size-gi-baking-worker=262144"
    "memorysetup-temp-allocator-size-gfx=262144"
Refreshing native plugins compatible for Editor in 120.78 ms, found 2 plugins.
Preloading 0 native plugins for Editor in 0.00 ms.
Initialize engine version: 2021.3.13f1 (9e7d58001ecf)
[Subsystems] Discovering subsystems at path /Applications/Unity/Hub/Editor/2021.3.13f1/Unity.app/Contents/Resources/UnitySubsystems
[Subsystems] Discovering subsystems at path /Users/mayasidhu/Documents/GitHub/3DChess/3DChess/Assets
GfxDevice: creating device client; threaded=0; jobified=0
Color LCD preferred device: Intel(R) Iris(TM) Plus Graphics 655 (low power)
Metal devices available: 1
0: Intel(R) Iris(TM) Plus Graphics 655 (low power)
Using device Intel(R) Iris(TM) Plus Graphics 655 (low power)
Initializing Metal device caps: Intel(R) Iris(TM) Plus Graphics 655
Initialize mono
Mono path[0] = '/Applications/Unity/Hub/Editor/2021.3.13f1/Unity.app/Contents/Managed'
Mono path[1] = '/Applications/Unity/Hub/Editor/2021.3.13f1/Unity.app/Contents/MonoBleedingEdge/lib/mono/unityjit-macos'
Mono config path = '/Applications/Unity/Hub/Editor/2021.3.13f1/Unity.app/Contents/MonoBleedingEdge/etc'
Using monoOptions --debugger-agent=transport=dt_socket,embedding=1,server=y,suspend=n,address=127.0.0.1:56004
Begin MonoManager ReloadAssembly
Registering precompiled unity dll's ...
Register platform support module: /Applications/Unity/Hub/Editor/2021.3.13f1/Unity.app/Contents/PlaybackEngines/MacStandaloneSupport/UnityEditor.OSXStandalone.Extensions.dll
Registered in 0.003763 seconds.
Native extension for OSXStandalone target not found
Refreshing native plugins compatible for Editor in 95.29 ms, found 2 plugins.
Preloading 0 native plugins for Editor in 0.00 ms.
Mono: successfully reloaded assembly
- Completed reload, in  0.852 seconds
Domain Reload Profiling:
	ReloadAssembly (853ms)
		BeginReloadAssembly (109ms)
			ExecutionOrderSort (0ms)
			DisableScriptedObjects (0ms)
			BackupInstance (0ms)
			ReleaseScriptingObjects (0ms)
			CreateAndSetChildDomain (1ms)
		EndReloadAssembly (599ms)
			LoadAssemblies (109ms)
			RebuildTransferFunctionScriptingTraits (0ms)
			SetupTypeCache (153ms)
			ReleaseScriptCaches (0ms)
			RebuildScriptCaches (39ms)
			SetupLoadedEditorAssemblies (351ms)
				LogAssemblyErrors (0ms)
				InitializePlatformSupportModulesInManaged (7ms)
				SetLoadedEditorAssemblies (0ms)
				RefreshPlugins (95ms)
				BeforeProcessingInitializeOnLoad (2ms)
				ProcessInitializeOnLoadAttributes (185ms)
				ProcessInitializeOnLoadMethodAttributes (61ms)
				AfterProcessingInitializeOnLoad (0ms)
				EditorAssembliesLoaded (0ms)
			ExecutionOrderSort2 (0ms)
			AwakeInstancesAfterBackupRestoration (0ms)
Platform modules already initialized, skipping
Registering precompiled user dll's ...
Registered in 0.003668 seconds.
Begin MonoManager ReloadAssembly
Symbol file LoadedFromMemory doesn't match image /Users/mayasidhu/Documents/GitHub/3DChess/3DChess/Library/PackageCache/com.unity.visualscripting@1.7.8/Editor/VisualScripting.Core/Dependencies/YamlDotNet/Unity.VisualScripting.YamlDotNet.dll
Symbol file LoadedFromMemory doesn't match image /Users/mayasidhu/Documents/GitHub/3DChess/3DChess/Library/PackageCache/com.unity.visualscripting@1.7.8/Editor/VisualScripting.Core/Dependencies/DotNetZip/Unity.VisualScripting.IonicZip.dll
Native extension for OSXStandalone target not found
Refreshing native plugins compatible for Editor in 0.85 ms, found 2 plugins.
Preloading 0 native plugins for Editor in 0.00 ms.
Mono: successfully reloaded assembly
- Completed reload, in  1.469 seconds
Domain Reload Profiling:
	ReloadAssembly (1469ms)
		BeginReloadAssembly (134ms)
			ExecutionOrderSort (0ms)
			DisableScriptedObjects (8ms)
			BackupInstance (0ms)
			ReleaseScriptingObjects (0ms)
			CreateAndSetChildDomain (28ms)
		EndReloadAssembly (1146ms)
			LoadAssemblies (125ms)
			RebuildTransferFunctionScriptingTraits (0ms)
			SetupTypeCache (409ms)
			ReleaseScriptCaches (1ms)
			RebuildScriptCaches (75ms)
			SetupLoadedEditorAssemblies (470ms)
				LogAssemblyErrors (0ms)
				InitializePlatformSupportModulesInManaged (7ms)
				SetLoadedEditorAssemblies (1ms)
				RefreshPlugins (1ms)
				BeforeProcessingInitializeOnLoad (103ms)
				ProcessInitializeOnLoadAttributes (313ms)
				ProcessInitializeOnLoadMethodAttributes (42ms)
				AfterProcessingInitializeOnLoad (2ms)
				EditorAssembliesLoaded (0ms)
			ExecutionOrderSort2 (0ms)
			AwakeInstancesAfterBackupRestoration (5ms)
Platform modules already initialized, skipping
========================================================================
Worker process is ready to serve import requests
Launching external process: /Applications/Unity/Hub/Editor/2021.3.13f1/Unity.app/Contents/Tools/UnityShaderCompiler
Launched and connected shader compiler UnityShaderCompiler after 0.09 seconds
Refreshing native plugins compatible for Editor in 0.62 ms, found 2 plugins.
Preloading 0 native plugins for Editor in 0.00 ms.
Unloading 3349 Unused Serialized files (Serialized files now loaded: 0)
Unloading 27 unused Assets / (97.2 KB). Loaded Objects now: 3806.
Memory consumption went from 227.8 MB to 227.7 MB.
Total: 3.895262 ms (FindLiveObjects: 0.392599 ms CreateObjectMapping: 0.223160 ms MarkObjects: 3.126755 ms  DeleteObjects: 0.150917 ms)

AssetImportParameters requested are different than current active one (requested -> active):
  custom:video-decoder-ogg-theora: a1e56fd34408186e4bbccfd4996cb3dc -> 
  custom:container-muxer-webm: aa71ff27fc2769a1b78a27578f13a17b -> 
  custom:container-demuxer-webm: 4f35f7cbe854078d1ac9338744f61a02 -> 
  custom:video-encoder-webm-vp8: eb34c28f22e8b96e1ab97ce403110664 -> 
  custom:framework-osx-AVFoundation: e770b220cccbd017edd2c1fefb359320 -> 
  custom:audio-encoder-webm-vorbis: bf7c407c2cedff20999df2af8eb42d56 -> 
  custom:container-demuxer-ogg: 62fdf1f143b41e24485cea50d1cbac27 -> 
  custom:video-decoder-webm-vp8: 9c59270c3fd7afecdb556c50c9e8de78 -> 
  custom:audio-decoder-ogg-vorbis: bf7c407c2cedff20999df2af8eb42d56 -> 
========================================================================
Received Import Request.
  Time since last request: 20604.021863 seconds.
  path: Assets/Kitchen TableChair Set.blend
  artifactKey: Guid(153e0e21bf8f540c9af85fa6541e908f) Importer(815301076,1909f56bfc062723c751e8b465ee728b)
Start importing Assets/Kitchen TableChair Set.blend using Guid(153e0e21bf8f540c9af85fa6541e908f) Importer(815301076,1909f56bfc062723c751e8b465ee728b)  -> (artifact id: '7813fce16f7f5645143a73c281d22944') in 0.374360 seconds 
========================================================================
Received Import Request.
  Time since last request: 637.924922 seconds.
  path: Assets/SkyBox/indoors-skyboxes/Vasa/negy.jpg
  artifactKey: Guid(f1cca5549120c480ab358f7026322f63) Importer(815301076,1909f56bfc062723c751e8b465ee728b)
Start importing Assets/SkyBox/indoors-skyboxes/Vasa/negy.jpg using Guid(f1cca5549120c480ab358f7026322f63) Importer(815301076,1909f56bfc062723c751e8b465ee728b)  -> (artifact id: '73584f9ce22353bdc67c6a2eb11dbae4') in 0.934094 seconds 
========================================================================
Received Import Request.
  Time since last request: 0.000119 seconds.
  path: Assets/SkyBox/indoors-skyboxes/Vasa/posz.jpg
  artifactKey: Guid(185b7eabb724d423ea14e81930ea2833) Importer(815301076,1909f56bfc062723c751e8b465ee728b)
Start importing Assets/SkyBox/indoors-skyboxes/Vasa/posz.jpg using Guid(185b7eabb724d423ea14e81930ea2833) Importer(815301076,1909f56bfc062723c751e8b465ee728b)  -> (artifact id: '277d91e88d05afaea04ab0a47acd1442') in 0.018242 seconds 
========================================================================
Received Import Request.
  Time since last request: 0.000075 seconds.
  path: Assets/SkyBox/indoors-skyboxes/Vasa/negz.jpg
  artifactKey: Guid(376046c54338b483c816b1dd6bf7d27e) Importer(815301076,1909f56bfc062723c751e8b465ee728b)
Start importing Assets/SkyBox/indoors-skyboxes/Vasa/negz.jpg using Guid(376046c54338b483c816b1dd6bf7d27e) Importer(815301076,1909f56bfc062723c751e8b465ee728b)  -> (artifact id: '0cce51f7425c713f04083160fcdb9d74') in 0.021464 seconds 
========================================================================
Received Import Request.
  Time since last request: 190.016211 seconds.
  path: Assets/SkyBox/indoors-skyboxes/MarriottMadisonWest/negy.jpg
  artifactKey: Guid(9174f657fb33b4e19b872cd4c4b14988) Importer(815301076,1909f56bfc062723c751e8b465ee728b)
Start importing Assets/SkyBox/indoors-skyboxes/MarriottMadisonWest/negy.jpg using Guid(9174f657fb33b4e19b872cd4c4b14988) Importer(815301076,1909f56bfc062723c751e8b465ee728b)  -> (artifact id: '1c62f76bc4129dfe9dae71f9bd512591') in 0.021504 seconds 
========================================================================
Received Import Request.
  Time since last request: 0.000156 seconds.
  path: Assets/SkyBox/indoors-skyboxes/MarriottMadisonWest/negz.jpg
  artifactKey: Guid(915fe7b3045594e4ea8152e8ae1b58c3) Importer(815301076,1909f56bfc062723c751e8b465ee728b)
Start importing Assets/SkyBox/indoors-skyboxes/MarriottMadisonWest/negz.jpg using Guid(915fe7b3045594e4ea8152e8ae1b58c3) Importer(815301076,1909f56bfc062723c751e8b465ee728b)  -> (artifact id: '1ae547ecc905e5a569440badadc5a32e') in 0.018969 seconds 
========================================================================
Received Import Request.
  Time since last request: 0.000078 seconds.
  path: Assets/SkyBox/indoors-skyboxes/MarriottMadisonWest/posy.jpg
  artifactKey: Guid(8778e0a1212c7415b965b11d1f61dcbb) Importer(815301076,1909f56bfc062723c751e8b465ee728b)
Start importing Assets/SkyBox/indoors-skyboxes/MarriottMadisonWest/posy.jpg using Guid(8778e0a1212c7415b965b11d1f61dcbb) Importer(815301076,1909f56bfc062723c751e8b465ee728b)  -> (artifact id: 'c3d7c4b0b32864ae803bb3f794998160') in 0.016324 seconds 
========================================================================
Received Import Request.
  Time since last request: 447.131405 seconds.
  path: Assets/SkyBox/envmap_miramar/miramar_dn.tga
  artifactKey: Guid(c195c8a3620b246438111449345d5fb5) Importer(815301076,1909f56bfc062723c751e8b465ee728b)
Start importing Assets/SkyBox/envmap_miramar/miramar_dn.tga using Guid(c195c8a3620b246438111449345d5fb5) Importer(815301076,1909f56bfc062723c751e8b465ee728b)  -> (artifact id: 'e3e100d94f2c8df0969734b4da1ea0b7') in 0.833306 seconds 
========================================================================
Received Import Request.
  Time since last request: 0.000148 seconds.
  path: Assets/SkyBox/envmap_miramar/miramar_lf.tga
  artifactKey: Guid(504cd03d2332e49a9b0937566b62b2d9) Importer(815301076,1909f56bfc062723c751e8b465ee728b)
Start importing Assets/SkyBox/envmap_miramar/miramar_lf.tga using Guid(504cd03d2332e49a9b0937566b62b2d9) Importer(815301076,1909f56bfc062723c751e8b465ee728b)  -> (artifact id: '41e53179f2f52574ecc2b3df4df309e0') in 0.017539 seconds 
========================================================================
Received Import Request.
  Time since last request: 0.000077 seconds.
  path: Assets/SkyBox/envmap_miramar/miramar_up.tga
  artifactKey: Guid(8ba6a8d2e74624a4db3059b0e35f5725) Importer(815301076,1909f56bfc062723c751e8b465ee728b)
Start importing Assets/SkyBox/envmap_miramar/miramar_up.tga using Guid(8ba6a8d2e74624a4db3059b0e35f5725) Importer(815301076,1909f56bfc062723c751e8b465ee728b)  -> (artifact id: 'cdfd592145d57ac0c2b7bc335cab85ee') in 0.011044 seconds 
========================================================================
Received Import Request.
  Time since last request: 293.831206 seconds.
  path: Assets/SkyBox/envmap_miramar/miramar_dn.tga
  artifactKey: Guid(58694266212f74285874b18381897fe6) Importer(815301076,1909f56bfc062723c751e8b465ee728b)
Start importing Assets/SkyBox/envmap_miramar/miramar_dn.tga using Guid(58694266212f74285874b18381897fe6) Importer(815301076,1909f56bfc062723c751e8b465ee728b)  -> (artifact id: '2dd1386ce5c130d51955debf2189ed93') in 0.018918 seconds 
========================================================================
Received Import Request.
  Time since last request: 0.000086 seconds.
  path: Assets/SkyBox/envmap_miramar/miramar_lf.tga
  artifactKey: Guid(ae6f382bbe7694ef2be103785cc57e6d) Importer(815301076,1909f56bfc062723c751e8b465ee728b)
Start importing Assets/SkyBox/envmap_miramar/miramar_lf.tga using Guid(ae6f382bbe7694ef2be103785cc57e6d) Importer(815301076,1909f56bfc062723c751e8b465ee728b)  -> (artifact id: '16cd055ca594bc89941d0ed292c56dc9') in 0.025983 seconds 
========================================================================
Received Import Request.
  Time since last request: 0.000080 seconds.
  path: Assets/SkyBox/envmap_miramar/miramar_rt.tga
  artifactKey: Guid(cc00e415335d446e5a9ce0987f80e585) Importer(815301076,1909f56bfc062723c751e8b465ee728b)
Start importing Assets/SkyBox/envmap_miramar/miramar_rt.tga using Guid(cc00e415335d446e5a9ce0987f80e585) Importer(815301076,1909f56bfc062723c751e8b465ee728b)  -> (artifact id: 'fd88ec4bd8650061001cb954dc19ba29') in 0.020331 seconds 
========================================================================
Received Import Request.
  Time since last request: 0.000106 seconds.
  path: Assets/SkyBox/envmap_miramar/miramar_ft.tga
  artifactKey: Guid(beca84d9c73014770890ec2a3eb836c1) Importer(815301076,1909f56bfc062723c751e8b465ee728b)
Start importing Assets/SkyBox/envmap_miramar/miramar_ft.tga using Guid(beca84d9c73014770890ec2a3eb836c1) Importer(815301076,1909f56bfc062723c751e8b465ee728b)  -> (artifact id: 'ae499994a0ca44b5d5727318daf25549') in 0.015898 seconds 
========================================================================
Received Import Request.
  Time since last request: 126.832179 seconds.
  path: Assets/Objects/chessboard/grid.png
  artifactKey: Guid(fd395c90a75324d2bba7fd76237e98a9) Importer(815301076,1909f56bfc062723c751e8b465ee728b)
Start importing Assets/Objects/chessboard/grid.png using Guid(fd395c90a75324d2bba7fd76237e98a9) Importer(815301076,1909f56bfc062723c751e8b465ee728b)  -> (artifact id: '256400cef6d9072523a7d3422aa7bb91') in 0.730646 seconds 
